16:23:04.870 INFO - Selenium build info: version: '3.8.1', revision: '6e95a6684b'
16:23:04.870 INFO - Launching a standalone Selenium Server
2018-01-12 16:23:05.204:INFO::main: Logging initialized @828ms to org.seleniumhq.jetty9.util.log.StdErrLog
16:23:05.283 INFO - Using `new FirefoxOptions()` is preferred to `DesiredCapabilities.firefox()`
16:23:05.306 INFO - Using `new ChromeOptions()` is preferred to `DesiredCapabilities.chrome()`
16:23:05.310 INFO - Using `new EdgeOptions()` is preferred to `DesiredCapabilities.edge()`
16:23:05.312 INFO - Driver class not found: com.opera.core.systems.OperaDriver
16:23:05.312 INFO - Using `new OperaOptions()` is preferred to `DesiredCapabilities.operaBlink()`
16:23:05.313 INFO - Using `new SafariOptions()` is preferred to `DesiredCapabilities.safari()`
16:23:05.314 INFO - Driver class not found: org.openqa.selenium.phantomjs.PhantomJSDriver
16:23:05.369 INFO - Driver provider class org.openqa.selenium.ie.InternetExplorerDriver registration is skipped:
 registration capabilities Capabilities {browserName: internet explorer, ensureCleanSession: true, platform: WINDOWS, version: } does not match the current platform MAC
16:23:05.370 INFO - Driver provider class org.openqa.selenium.edge.EdgeDriver registration is skipped:
 registration capabilities Capabilities {browserName: MicrosoftEdge, platform: WINDOWS, version: } does not match the current platform MAC
16:23:05.441 INFO - Using `new ChromeOptions()` is preferred to `DesiredCapabilities.chrome()`
16:23:05.442 INFO - Using `new EdgeOptions()` is preferred to `DesiredCapabilities.edge()`
16:23:05.442 INFO - Using `new FirefoxOptions()` is preferred to `DesiredCapabilities.firefox()`
16:23:05.443 INFO - Using `new OperaOptions()` is preferred to `DesiredCapabilities.operaBlink()`
16:23:05.443 INFO - Using `new SafariOptions()` is preferred to `DesiredCapabilities.safari()`
16:23:05.459 INFO - Using the passthrough mode handler
2018-01-12 16:23:05.501:INFO:osjs.Server:main: jetty-9.4.7.v20170914
2018-01-12 16:23:05.550:WARN:osjs.SecurityHandler:main: ServletContext@o.s.j.s.ServletContextHandler@268f106e{/,null,STARTING} has uncovered http methods for path: /
2018-01-12 16:23:05.560:INFO:osjsh.ContextHandler:main: Started o.s.j.s.ServletContextHandler@268f106e{/,null,AVAILABLE}
2018-01-12 16:23:05.618:INFO:osjs.AbstractConnector:main: Started ServerConnector@210ab13f{HTTP/1.1,[http/1.1]}{0.0.0.0:4444}
2018-01-12 16:23:05.618:INFO:osjs.Server:main: Started @1242ms
16:23:05.618 INFO - Selenium Server is up and running
2018-01-12 16:23:06.216:INFO:osjshC.ROOT:qtp1332668132-15: org.openqa.selenium.remote.server.WebDriverServlet-55634720: Initialising WebDriverServlet
16:23:06.298 INFO - Found handler: org.openqa.selenium.remote.server.commandhandler.BeginSession@5071f6c
16:23:06.305 INFO - /session: Executing POST on /session (handler: BeginSession)
16:23:06.388 INFO - Capabilities are: Capabilities {acceptSslCerts: true, browserName: chrome, javascriptEnabled: true, name: User Flow Test}
16:23:06.391 INFO - Capabilities {acceptSslCerts: true, browserName: chrome, javascriptEnabled: true, name: User Flow Test} matched class org.openqa.selenium.remote.server.ServicedSession$Factory (provider: org.openqa.selenium.chrome.ChromeDriverService)
Starting ChromeDriver 2.34.522932 (4140ab217e1ca1bec0c4b4d1b148f3361eb3a03e) on port 49051
Only local connections are allowed.
16:23:07.889 INFO - Detected dialect: OSS
16:23:08.449 INFO - Found handler: org.openqa.selenium.remote.server.ServicedSession@3df78272
16:23:08.450 INFO - Handler thread for session 4066a5eb42ea94f83f45de6930c0c733 (chrome): Executing POST on /session/4066a5eb42ea94f83f45de6930c0c733/url (handler: ServicedSession)
16:23:08.453 INFO - To upstream: {"url":"http://localhost:8000/login"}
16:23:08.663 INFO - To downstream: {"sessionId":"4066a5eb42ea94f83f45de6930c0c733","status":0,"value":null}
16:23:08.671 INFO - Found handler: org.openqa.selenium.remote.server.ServicedSession@3df78272
16:23:08.671 INFO - Handler thread for session 4066a5eb42ea94f83f45de6930c0c733 (chrome): Executing POST on /session/4066a5eb42ea94f83f45de6930c0c733/elements (handler: ServicedSession)
16:23:08.673 INFO - To upstream: {"using":"css selector","value":"form"}
16:23:08.793 INFO - To downstream: {"sessionId":"4066a5eb42ea94f83f45de6930c0c733","status":0,"value":[]}
16:23:09.299 INFO - Found handler: org.openqa.selenium.remote.server.ServicedSession@3df78272
16:23:09.300 INFO - Handler thread for session 4066a5eb42ea94f83f45de6930c0c733 (chrome): Executing POST on /session/4066a5eb42ea94f83f45de6930c0c733/elements (handler: ServicedSession)
16:23:09.302 INFO - To upstream: {"using":"css selector","value":"form"}
16:23:09.309 INFO - To downstream: {"sessionId":"4066a5eb42ea94f83f45de6930c0c733","status":0,"value":[]}
16:23:09.816 INFO - Found handler: org.openqa.selenium.remote.server.ServicedSession@3df78272
16:23:09.817 INFO - Handler thread for session 4066a5eb42ea94f83f45de6930c0c733 (chrome): Executing POST on /session/4066a5eb42ea94f83f45de6930c0c733/elements (handler: ServicedSession)
16:23:09.818 INFO - To upstream: {"using":"css selector","value":"form"}
16:23:09.825 INFO - To downstream: {"sessionId":"4066a5eb42ea94f83f45de6930c0c733","status":0,"value":[]}
16:23:09.836 INFO - Found handler: org.openqa.selenium.remote.server.ServicedSession@3df78272
16:23:09.837 INFO - Handler thread for session 4066a5eb42ea94f83f45de6930c0c733 (chrome): Executing DELETE on /session/4066a5eb42ea94f83f45de6930c0c733 (handler: ServicedSession)
16:23:09.889 INFO - To downstream: {"sessionId":"4066a5eb42ea94f83f45de6930c0c733","status":0,"value":null}
16:23:09.894 INFO - Removing session org.openqa.selenium.remote.server.ServicedSession@3df78272
16:23:09.906 INFO - To downstream: {"sessionId":"","status":0,"value":null}
16:23:10.015 INFO - Found handler: org.openqa.selenium.remote.server.commandhandler.BeginSession@5a50a232
16:23:10.016 INFO - /session: Executing POST on /session (handler: BeginSession)
16:23:10.023 INFO - Capabilities are: Capabilities {acceptSslCerts: true, browserName: chrome, javascriptEnabled: true, name: Admin Flow Test}
16:23:10.023 INFO - Capabilities {acceptSslCerts: true, browserName: chrome, javascriptEnabled: true, name: Admin Flow Test} matched class org.openqa.selenium.remote.server.ServicedSession$Factory (provider: org.openqa.selenium.chrome.ChromeDriverService)
Starting ChromeDriver 2.34.522932 (4140ab217e1ca1bec0c4b4d1b148f3361eb3a03e) on port 14811
Only local connections are allowed.
16:23:10.720 INFO - Detected dialect: OSS
16:23:10.913 INFO - Found handler: org.openqa.selenium.remote.server.ServicedSession@51cfd3a7
16:23:10.933 INFO - Handler thread for session 3990742c846712ba32648f4d46cfe44c (chrome): Executing POST on /session/3990742c846712ba32648f4d46cfe44c/url (handler: ServicedSession)
16:23:10.942 INFO - To upstream: {"url":"http://localhost:8000/login"}
16:23:11.555 INFO - To downstream: {"sessionId":"3990742c846712ba32648f4d46cfe44c","status":0,"value":null}
16:23:11.562 INFO - Found handler: org.openqa.selenium.remote.server.ServicedSession@51cfd3a7
16:23:11.563 INFO - Handler thread for session 3990742c846712ba32648f4d46cfe44c (chrome): Executing POST on /session/3990742c846712ba32648f4d46cfe44c/elements (handler: ServicedSession)
16:23:11.566 INFO - To upstream: {"using":"css selector","value":"form"}
16:23:11.592 INFO - To downstream: {"sessionId":"3990742c846712ba32648f4d46cfe44c","status":0,"value":[]}
16:23:12.101 INFO - Found handler: org.openqa.selenium.remote.server.ServicedSession@51cfd3a7
16:23:12.102 INFO - Handler thread for session 3990742c846712ba32648f4d46cfe44c (chrome): Executing POST on /session/3990742c846712ba32648f4d46cfe44c/elements (handler: ServicedSession)
16:23:12.103 INFO - To upstream: {"using":"css selector","value":"form"}
16:23:12.110 INFO - To downstream: {"sessionId":"3990742c846712ba32648f4d46cfe44c","status":0,"value":[]}
16:23:12.626 INFO - Found handler: org.openqa.selenium.remote.server.ServicedSession@51cfd3a7
16:23:12.626 INFO - Handler thread for session 3990742c846712ba32648f4d46cfe44c (chrome): Executing POST on /session/3990742c846712ba32648f4d46cfe44c/elements (handler: ServicedSession)
16:23:12.629 INFO - To upstream: {"using":"css selector","value":"form"}
16:23:12.644 INFO - To downstream: {"sessionId":"3990742c846712ba32648f4d46cfe44c","status":0,"value":[]}
16:23:12.654 INFO - Found handler: org.openqa.selenium.remote.server.ServicedSession@51cfd3a7
16:23:12.656 INFO - Handler thread for session 3990742c846712ba32648f4d46cfe44c (chrome): Executing DELETE on /session/3990742c846712ba32648f4d46cfe44c (handler: ServicedSession)
16:23:12.714 INFO - To downstream: {"sessionId":"3990742c846712ba32648f4d46cfe44c","status":0,"value":null}
16:23:12.715 INFO - Removing session org.openqa.selenium.remote.server.ServicedSession@51cfd3a7
16:23:12.724 INFO - To downstream: {"sessionId":"","status":0,"value":null}
